21:59:07: Creating resource group General
21:59:07: Creating resource group Internal
21:59:07: Creating resource group Autodetect
21:59:07: SceneManagerFactory for type 'DefaultSceneManager' registered.
21:59:07: Registering ResourceManager for type Material
21:59:07: Registering ResourceManager for type Mesh
21:59:07: Registering ResourceManager for type Skeleton
21:59:07: MovableObjectFactory for type 'ParticleSystem' registered.
21:59:07: OverlayElementFactory for type Panel registered.
21:59:07: OverlayElementFactory for type BorderPanel registered.
21:59:07: OverlayElementFactory for type TextArea registered.
21:59:07: Registering ResourceManager for type Font
21:59:07: ArchiveFactory for archive type FileSystem registered.
21:59:07: ArchiveFactory for archive type Zip registered.
21:59:07: ArchiveFactory for archive type EmbeddedZip registered.
21:59:07: DDS codec registering
21:59:07: FreeImage version: 3.15.4
21:59:07: This program uses FreeImage, a free, open source image library supporting all common bitmap formats. See http://freeimage.sourceforge.net for details
21:59:07: Supported formats: bmp,ico,jpg,jif,jpeg,jpe,jng,koa,iff,lbm,mng,pbm,pbm,pcd,pcx,pgm,pgm,png,ppm,ppm,ras,tga,targa,tif,tiff,wap,wbmp,wbm,psd,cut,xbm,xpm,gif,hdr,g3,sgi,exr,j2k,j2c,jp2,pfm,pct,pict,pic,3fr,arw,bay,bmq,cap,cine,cr2,crw,cs1,dc2,dcr,drf,dsc,dng,erf,fff,ia,iiq,k25,kc2,kdc,mdc,mef,mos,mrw,nef,nrw,orf,pef,ptx,pxn,qtk,raf,raw,rdc,rw2,rwl,rwz,sr2,srf,srw,sti
21:59:07: Registering ResourceManager for type HighLevelGpuProgram
21:59:07: Registering ResourceManager for type Compositor
21:59:07: MovableObjectFactory for type 'Entity' registered.
21:59:07: MovableObjectFactory for type 'Light' registered.
21:59:07: MovableObjectFactory for type 'BillboardSet' registered.
21:59:07: MovableObjectFactory for type 'ManualObject' registered.
21:59:07: MovableObjectFactory for type 'BillboardChain' registered.
21:59:07: MovableObjectFactory for type 'RibbonTrail' registered.
21:59:07: *-*-* OGRE Initialising
21:59:07: *-*-* Version 1.8.1 (Byatis)
21:59:07: Loading library /usr/lib/x86_64-linux-gnu/OGRE-1.8.0/RenderSystem_GL
21:59:07: Installing plugin: GL RenderSystem
21:59:07: OpenGL Rendering Subsystem created.
21:59:07: Plugin successfully installed
21:59:07: Loading library /usr/lib/x86_64-linux-gnu/OGRE-1.8.0/Plugin_OctreeSceneManager
21:59:07: Installing plugin: Octree Scene Manager
21:59:07: Plugin successfully installed
21:59:07: Loading library /usr/lib/x86_64-linux-gnu/OGRE-1.8.0/Plugin_ParticleFX
21:59:07: Installing plugin: ParticleFX
21:59:07: Particle Emitter Type 'Point' registered
21:59:07: Particle Emitter Type 'Box' registered
21:59:07: Particle Emitter Type 'Ellipsoid' registered
21:59:07: Particle Emitter Type 'Cylinder' registered
21:59:07: Particle Emitter Type 'Ring' registered
21:59:07: Particle Emitter Type 'HollowEllipsoid' registered
21:59:07: Particle Affector Type 'LinearForce' registered
21:59:07: Particle Affector Type 'ColourFader' registered
21:59:07: Particle Affector Type 'ColourFader2' registered
21:59:07: Particle Affector Type 'ColourImage' registered
21:59:07: Particle Affector Type 'ColourInterpolator' registered
21:59:07: Particle Affector Type 'Scaler' registered
21:59:07: Particle Affector Type 'Rotator' registered
21:59:07: Particle Affector Type 'DirectionRandomiser' registered
21:59:07: Particle Affector Type 'DeflectorPlane' registered
21:59:07: Plugin successfully installed
21:59:07: CPU Identifier & Features
21:59:07: -------------------------
21:59:07:  *   CPU ID: GenuineIntel: Intel(R) Core(TM) i7 CPU       M 620  @ 2.67GHz
21:59:07:  *      SSE: yes
21:59:07:  *     SSE2: yes
21:59:07:  *     SSE3: yes
21:59:07:  *      MMX: yes
21:59:07:  *   MMXEXT: yes
21:59:07:  *    3DNOW: no
21:59:07:  * 3DNOWEXT: no
21:59:07:  *     CMOV: yes
21:59:07:  *      TSC: yes
21:59:07:  *      FPU: yes
21:59:07:  *      PRO: yes
21:59:07:  *       HT: no
21:59:07: -------------------------
21:59:07: ******************************
*** Starting GLX Subsystem ***
******************************
21:59:07: Registering ResourceManager for type Texture
21:59:07: GLRenderSystem::_createRenderWindow "OgreWindow(0)", 1x1 windowed  miscParams: externalGLControl= macAPI=carbon parentWindowHandle=106954753 
21:59:07: GLXWindow::create used FBConfigID = 237
21:59:07: GL_VERSION = 3.3.0 NVIDIA 340.96
21:59:07: GL_VENDOR = NVIDIA Corporation
21:59:07: GL_RENDERER = NVS 5100M/PCIe/SSE2
21:59:07: GL_EXTENSIONS = GL_ARB_arrays_of_arrays GL_ARB_base_instance GL_ARB_blend_func_extended GL_ARB_clear_buffer_object GL_ARB_color_buffer_float GL_ARB_compatibility GL_ARB_compressed_texture_pixel_storage GL_ARB_conservative_depth GL_ARB_copy_buffer GL_ARB_copy_image GL_ARB_debug_output GL_ARB_depth_buffer_float GL_ARB_depth_clamp GL_ARB_depth_texture GL_ARB_draw_buffers GL_ARB_draw_buffers_blend GL_ARB_draw_elements_base_vertex GL_ARB_draw_instanced GL_ARB_enhanced_layouts GL_ARB_ES2_compatibility GL_ARB_ES3_compatibility GL_ARB_explicit_attrib_location GL_ARB_explicit_uniform_location GL_ARB_fragment_coord_conventions GL_ARB_fragment_layer_viewport GL_ARB_fragment_program GL_ARB_fragment_program_shadow GL_ARB_fragment_shader GL_ARB_framebuffer_no_attachments GL_ARB_framebuffer_object GL_ARB_framebuffer_sRGB GL_ARB_geometry_shader4 GL_ARB_get_program_binary GL_ARB_half_float_pixel GL_ARB_half_float_vertex GL_ARB_imaging GL_ARB_instanced_arrays GL_ARB_internalformat_query GL_ARB_internalformat_query2 GL_ARB_invalidate_subdata GL_ARB_map_buffer_alignment GL_ARB_map_buffer_range GL_ARB_multi_bind GL_ARB_multisample GL_ARB_multitexture GL_ARB_occlusion_query GL_ARB_occlusion_query2 GL_ARB_pixel_buffer_object GL_ARB_point_parameters GL_ARB_point_sprite GL_ARB_program_interface_query GL_ARB_provoking_vertex GL_ARB_robust_buffer_access_behavior GL_ARB_robustness GL_ARB_sample_shading GL_ARB_sampler_objects GL_ARB_seamless_cube_map GL_ARB_separate_shader_objects GL_ARB_shader_bit_encoding GL_ARB_shader_objects GL_ARB_shader_texture_lod GL_ARB_shading_language_100 GL_ARB_shading_language_420pack GL_ARB_shading_language_include GL_ARB_shading_language_packing GL_ARB_shadow GL_ARB_stencil_texturing GL_ARB_sync GL_ARB_texture_border_clamp GL_ARB_texture_buffer_object GL_ARB_texture_buffer_range GL_ARB_texture_compression GL_ARB_texture_compression_rgtc GL_ARB_texture_cube_map GL_ARB_texture_cube_map_array GL_ARB_texture_env_add GL_ARB_texture_env_combine GL_ARB_texture_env_crossbar GL_ARB_texture_env_dot3 GL_ARB_texture_float GL_ARB_texture_gather GL_ARB_texture_mirror_clamp_to_edge GL_ARB_texture_mirrored_repeat GL_ARB_texture_multisample GL_ARB_texture_non_power_of_two GL_ARB_texture_query_levels GL_ARB_texture_query_lod GL_ARB_texture_rectangle GL_ARB_texture_rg GL_ARB_texture_rgb10_a2ui GL_ARB_texture_stencil8 GL_ARB_texture_storage GL_ARB_texture_storage_multisample GL_ARB_texture_swizzle GL_ARB_texture_view GL_ARB_timer_query GL_ARB_transform_feedback2 GL_ARB_transform_feedback_instanced GL_ARB_transpose_matrix GL_ARB_uniform_buffer_object GL_ARB_vertex_array_bgra GL_ARB_vertex_array_object GL_ARB_vertex_attrib_binding GL_ARB_vertex_buffer_object GL_ARB_vertex_program GL_ARB_vertex_shader GL_ARB_vertex_type_10f_11f_11f_rev GL_ARB_vertex_type_2_10_10_10_rev GL_ARB_viewport_array GL_ARB_window_pos GL_ATI_draw_buffers GL_ATI_texture_float GL_ATI_texture_mirror_once GL_S3_s3tc GL_EXT_texture_env_add GL_EXT_abgr GL_EXT_bgra GL_EXT_bindable_uniform GL_EXT_blend_color GL_EXT_blend_equation_separate GL_EXT_blend_func_separate GL_EXT_blend_minmax GL_EXT_blend_subtract GL_EXT_compiled_vertex_array GL_EXT_Cg_shader GL_EXT_depth_bounds_test GL_EXT_direct_state_access GL_EXT_draw_buffers2 GL_EXT_draw_instanced GL_EXT_draw_range_elements GL_EXT_fog_coord GL_EXT_framebuffer_blit GL_EXT_framebuffer_multisample GL_EXTX_framebuffer_mixed_formats GL_EXT_framebuffer_multisample_blit_scaled GL_EXT_framebuffer_object GL_EXT_framebuffer_sRGB GL_EXT_geometry_shader4 GL_EXT_gpu_program_parameters GL_EXT_gpu_shader4 GL_EXT_multi_draw_arrays GL_EXT_packed_depth_stencil GL_EXT_packed_float GL_EXT_packed_pixels GL_EXT_pixel_buffer_object GL_EXT_point_parameters GL_EXT_provoking_vertex GL_EXT_rescale_normal GL_EXT_secondary_color GL_EXT_separate_shader_objects GL_EXT_separate_specular_color GL_EXT_shader_integer_mix GL_EXT_shadow_funcs GL_EXT_stencil_two_side GL_EXT_stencil_wrap GL_EXT_texture3D GL_EXT_texture_array GL_EXT_texture_buffer_object GL_EXT_texture_compression_dxt1 GL_EXT_texture_compression_latc GL_EXT_texture_compression_rgtc GL_EXT_texture_compression_s3tc GL_EXT_texture_cube_map GL_EXT_texture_edge_clamp GL_EXT_texture_env_combine GL_EXT_texture_env_dot3 GL_EXT_texture_filter_anisotropic GL_EXT_texture_integer GL_EXT_texture_lod GL_EXT_texture_lod_bias GL_EXT_texture_mirror_clamp GL_EXT_texture_object GL_EXT_texture_shared_exponent GL_EXT_texture_sRGB GL_EXT_texture_sRGB_decode GL_EXT_texture_storage GL_EXT_texture_swizzle GL_EXT_timer_query GL_EXT_transform_feedback2 GL_EXT_vertex_array GL_EXT_vertex_array_bgra GL_EXT_x11_sync_object GL_EXT_import_sync_object GL_IBM_rasterpos_clip GL_IBM_texture_mirrored_repeat GL_KHR_debug GL_KTX_buffer_region GL_NV_blend_square GL_NV_conditional_render GL_NV_copy_depth_to_color GL_NV_copy_image GL_NV_depth_buffer_float GL_NV_depth_clamp GL_NV_ES1_1_compatibility GL_NV_explicit_multisample GL_NV_fence GL_NV_float_buffer GL_NV_fog_distance GL_NV_fragment_program GL_NV_fragment_program_option GL_NV_fragment_program2 GL_NV_framebuffer_multisample_coverage GL_NV_geometry_shader4 GL_NV_gpu_program4 GL_NV_gpu_program4_1 GL_NV_half_float GL_NV_light_max_exponent GL_NV_multisample_coverage GL_NV_multisample_filter_hint GL_NV_occlusion_query GL_NV_packed_depth_stencil GL_NV_parameter_buffer_object GL_NV_parameter_buffer_object2 GL_NV_path_rendering GL_NV_pixel_data_range GL_NV_point_sprite GL_NV_primitive_restart GL_NV_register_combiners GL_NV_register_combiners2 GL_NV_shader_buffer_load GL_NV_texgen_reflection GL_NV_texture_barrier GL_NV_texture_compression_vtc GL_NV_texture_env_combine4 GL_NV_texture_expand_normal GL_NV_texture_multisample GL_NV_texture_rectangle GL_NV_texture_shader GL_NV_texture_shader2 GL_NV_texture_shader3 GL_NV_transform_feedback GL_NV_transform_feedback2 GL_NV_vdpau_interop GL_NV_vertex_array_range GL_NV_vertex_array_range2 GL_NV_vertex_buffer_unified_memory GL_NV_vertex_program GL_NV_vertex_program1_1 GL_NV_vertex_program2 GL_NV_vertex_program2_option GL_NV_vertex_program3 GL_NVX_conditional_render GL_NVX_gpu_memory_info GL_SGIS_generate_mipmap GL_SGIS_texture_lod GL_SGIX_depth_texture GL_SGIX_shadow GL_SUN_slice_accum 
21:59:07: Supported GLX extensions: GLX_EXT_visual_info GLX_EXT_visual_rating GLX_SGIX_fbconfig GLX_SGIX_pbuffer GLX_SGI_video_sync GLX_SGI_swap_control GLX_EXT_swap_control GLX_EXT_swap_control_tear GLX_EXT_texture_from_pixmap GLX_EXT_buffer_age GLX_ARB_create_context GLX_ARB_create_context_profile GLX_EXT_create_context_es_profile GLX_EXT_create_context_es2_profile GLX_ARB_create_context_robustness GLX_NV_delay_before_swap GLX_EXT_stereo_tree GLX_ARB_multisample GLX_NV_float_buffer GLX_ARB_fbconfig_float GLX_EXT_framebuffer_sRGB GLX_NV_multisample_coverage GLX_ARB_get_proc_address 
21:59:07: ***************************
21:59:07: *** GL Renderer Started ***
21:59:07: ***************************
21:59:07: Registering ResourceManager for type GpuProgram
21:59:07: GLSL support detected
21:59:07: GL: Using GL_EXT_framebuffer_object for rendering to textures (best)
21:59:07: FBO PF_UNKNOWN depth/stencil support: D0S8 D16S0 D24S0 D32S0 Packed-D24S8 
21:59:07: FBO PF_L8 depth/stencil support: D0S0 D0S8 D16S0 D24S0 D32S0 Packed-D24S8 
21:59:07: FBO PF_A8 depth/stencil support: D0S0 D0S8 D16S0 D24S0 D32S0 Packed-D24S8 
21:59:07: FBO PF_A4L4 depth/stencil support: D0S0 D0S8 D16S0 D24S0 D32S0 Packed-D24S8 
21:59:07: FBO PF_BYTE_LA depth/stencil support: D0S0 D0S8 D16S0 D24S0 D32S0 Packed-D24S8 
21:59:07: FBO PF_R5G6B5 depth/stencil support: D0S0 D0S8 D16S0 D24S0 D32S0 Packed-D24S8 
21:59:07: FBO PF_B5G6R5 depth/stencil support: D0S0 D0S8 D16S0 D24S0 D32S0 Packed-D24S8 
21:59:07: FBO PF_A4R4G4B4 depth/stencil support: D0S0 D0S8 D16S0 D24S0 D32S0 Packed-D24S8 
21:59:07: FBO PF_A1R5G5B5 depth/stencil support: D0S0 D0S8 D16S0 D24S0 D32S0 Packed-D24S8 
21:59:07: FBO PF_R8G8B8 depth/stencil support: D0S0 D0S8 D16S0 D24S0 D32S0 Packed-D24S8 
21:59:07: FBO PF_B8G8R8 depth/stencil support: D0S0 D0S8 D16S0 D24S0 D32S0 Packed-D24S8 
21:59:07: FBO PF_A8R8G8B8 depth/stencil support: D0S0 D0S8 D16S0 D24S0 D32S0 Packed-D24S8 
21:59:07: FBO PF_B8G8R8A8 depth/stencil support: D0S0 D0S8 D16S0 D24S0 D32S0 Packed-D24S8 
21:59:07: FBO PF_A2R10G10B10 depth/stencil support: D0S0 D0S8 D16S0 D24S0 D32S0 Packed-D24S8 
21:59:07: FBO PF_A2B10G10R10 depth/stencil support: D0S0 D0S8 D16S0 D24S0 D32S0 Packed-D24S8 
21:59:07: FBO PF_FLOAT16_RGB depth/stencil support: D0S0 D0S8 D16S0 D24S0 D32S0 Packed-D24S8 
21:59:08: FBO PF_FLOAT16_RGBA depth/stencil support: D0S0 D0S8 D16S0 D24S0 D32S0 Packed-D24S8 
21:59:08: FBO PF_FLOAT32_RGB depth/stencil support: D0S0 D0S8 D16S0 D24S0 D32S0 Packed-D24S8 
21:59:08: FBO PF_FLOAT32_RGBA depth/stencil support: D0S0 D0S8 D16S0 D24S0 D32S0 Packed-D24S8 
21:59:08: FBO PF_X8R8G8B8 depth/stencil support: D0S0 D0S8 D16S0 D24S0 D32S0 Packed-D24S8 
21:59:08: FBO PF_X8B8G8R8 depth/stencil support: D0S0 D0S8 D16S0 D24S0 D32S0 Packed-D24S8 
21:59:08: FBO PF_SHORT_RGBA depth/stencil support: D0S0 D0S8 D16S0 D24S0 D32S0 Packed-D24S8 
21:59:08: FBO PF_R3G3B2 depth/stencil support: D0S0 D0S8 D16S0 D24S0 D32S0 Packed-D24S8 
21:59:08: FBO PF_FLOAT16_R depth/stencil support: D0S0 D0S8 D16S0 D24S0 D32S0 Packed-D24S8 
21:59:08: FBO PF_FLOAT32_R depth/stencil support: D0S0 D0S8 D16S0 D24S0 D32S0 Packed-D24S8 
21:59:08: FBO PF_FLOAT16_GR depth/stencil support: D0S0 D0S8 D16S0 D24S0 D32S0 Packed-D24S8 
21:59:08: FBO PF_FLOAT32_GR depth/stencil support: D0S0 D0S8 D16S0 D24S0 D32S0 Packed-D24S8 
21:59:08: FBO PF_SHORT_RGB depth/stencil support: D0S0 D0S8 D16S0 D24S0 D32S0 Packed-D24S8 
21:59:08: [GL] : Valid FBO targets PF_UNKNOWN PF_L8 PF_A8 PF_A4L4 PF_BYTE_LA PF_R5G6B5 PF_B5G6R5 PF_A4R4G4B4 PF_A1R5G5B5 PF_R8G8B8 PF_B8G8R8 PF_A8R8G8B8 PF_B8G8R8A8 PF_A2R10G10B10 PF_A2B10G10R10 PF_FLOAT16_RGB PF_FLOAT16_RGBA PF_FLOAT32_RGB PF_FLOAT32_RGBA PF_X8R8G8B8 PF_X8B8G8R8 PF_SHORT_RGBA PF_R3G3B2 PF_FLOAT16_R PF_FLOAT32_R PF_FLOAT16_GR PF_FLOAT32_GR PF_SHORT_RGB 
21:59:08: RenderSystem capabilities
21:59:08: -------------------------
21:59:08: RenderSystem Name: OpenGL Rendering Subsystem
21:59:08: GPU Vendor: nvidia
21:59:08: Device Name: NVS 5100M/PCIe/SSE2
21:59:08: Driver Version: 3.3.0.0
21:59:08:  * Fixed function pipeline: yes
21:59:08:  * Hardware generation of mipmaps: yes
21:59:08:  * Texture blending: yes
21:59:08:  * Anisotropic texture filtering: yes
21:59:08:  * Dot product texture operation: yes
21:59:08:  * Cube mapping: yes
21:59:08:  * Hardware stencil buffer: yes
21:59:08:    - Stencil depth: 8
21:59:08:    - Two sided stencil support: yes
21:59:08:    - Wrap stencil values: yes
21:59:08:  * Hardware vertex / index buffers: yes
21:59:08:  * Vertex programs: yes
21:59:08:  * Number of floating-point constants for vertex programs: 1024
21:59:08:  * Number of integer constants for vertex programs: 0
21:59:08:  * Number of boolean constants for vertex programs: 0
21:59:08:  * Fragment programs: yes
21:59:08:  * Number of floating-point constants for fragment programs: 512
21:59:08:  * Number of integer constants for fragment programs: 0
21:59:08:  * Number of boolean constants for fragment programs: 0
21:59:08:  * Geometry programs: yes
21:59:08:  * Number of floating-point constants for geometry programs: 2048
21:59:08:  * Number of integer constants for geometry programs: 0
21:59:08:  * Number of boolean constants for geometry programs: 0
21:59:08:  * Supported Shader Profiles: arbfp1 arbvp1 fp20 fp30 fp40 glsl gp4fp gp4gp gp4vp gpu_fp gpu_gp gpu_vp nvgp4 vp30 vp40
21:59:08:  * Texture Compression: yes
21:59:08:    - DXT: yes
21:59:08:    - VTC: yes
21:59:08:    - PVRTC: no
21:59:08:  * Scissor Rectangle: yes
21:59:08:  * Hardware Occlusion Query: yes
21:59:08:  * User clip planes: yes
21:59:08:  * VET_UBYTE4 vertex element type: yes
21:59:08:  * Infinite far plane projection: yes
21:59:08:  * Hardware render-to-texture: yes
21:59:08:  * Floating point textures: yes
21:59:08:  * Non-power-of-two textures: yes
21:59:08:  * Volume textures: yes
21:59:08:  * Multiple Render Targets: 8
21:59:08:    - With different bit depths: yes
21:59:08:  * Point Sprites: yes
21:59:08:  * Extended point parameters: yes
21:59:08:  * Max Point Size: 2047
21:59:08:  * Vertex texture fetch: yes
21:59:08:  * Number of world matrices: 0
21:59:08:  * Number of texture units: 32
21:59:08:  * Stencil buffer depth: 8
21:59:08:  * Number of vertex blend matrices: 0
21:59:08:    - Max vertex textures: 32
21:59:08:    - Vertex textures shared: yes
21:59:08:  * Render to Vertex Buffer : yes
21:59:08:  * GL 1.5 without VBO workaround: no
21:59:08:  * Frame Buffer objects: yes
21:59:08:  * Frame Buffer objects (ARB extension): no
21:59:08:  * Frame Buffer objects (ATI extension): no
21:59:08:  * PBuffer support: yes
21:59:08:  * GL 1.5 without HW-occlusion workaround: no
21:59:08:  * Separate shader objects: no
21:59:08: DefaultWorkQueue('Root') initialising on thread 7f7adc5af740.
21:59:08: DefaultWorkQueue('Root')::WorkerFunc - thread 7f7a67c5d700 starting.
21:59:08: DefaultWorkQueue('Root')::WorkerFunc - thread 7f7a6845e700 starting.
21:59:08: DefaultWorkQueue('Root')::WorkerFunc - thread 7f7a5f45c700 starting.
21:59:08: DefaultWorkQueue('Root')::WorkerFunc - thread 7f7a6745c700 starting.
21:59:08: Particle Renderer Type 'billboard' registered
21:59:08: SceneManagerFactory for type 'OctreeSceneManager' registered.
21:59:08: Creating resource group rviz
21:59:08: Added resource location '/opt/ros/indigo/share/rviz/ogre_media' of type 'FileSystem' to resource group 'rviz'
21:59:08: Added resource location '/opt/ros/indigo/share/rviz/ogre_media/textures' of type 'FileSystem' to resource group 'rviz'
21:59:08: Added resource location '/opt/ros/indigo/share/rviz/ogre_media/fonts' of type 'FileSystem' to resource group 'rviz'
21:59:08: Added resource location '/opt/ros/indigo/share/rviz/ogre_media/models' of type 'FileSystem' to resource group 'rviz'
21:59:08: Added resource location '/opt/ros/indigo/share/rviz/ogre_media/materials' of type 'FileSystem' to resource group 'rviz'
21:59:08: Added resource location '/opt/ros/indigo/share/rviz/ogre_media/materials/scripts' of type 'FileSystem' to resource group 'rviz'
21:59:08: Added resource location '/opt/ros/indigo/share/rviz/ogre_media/materials/glsl120' of type 'FileSystem' to resource group 'rviz'
21:59:08: Added resource location '/opt/ros/indigo/share/rviz/ogre_media/materials/glsl120/nogp' of type 'FileSystem' to resource group 'rviz'
21:59:08: Added resource location '/opt/ros/indigo/share/rviz/ogre_media/materials/glsl150' of type 'FileSystem' to resource group 'rviz'
21:59:08: Added resource location '/opt/ros/indigo/share/rviz/ogre_media/materials/scripts150' of type 'FileSystem' to resource group 'rviz'
21:59:08: Parsing scripts for resource group Autodetect
21:59:08: Finished parsing scripts for resource group Autodetect
21:59:08: Creating resources for group Autodetect
21:59:08: All done
21:59:08: Parsing scripts for resource group General
21:59:08: Finished parsing scripts for resource group General
21:59:08: Creating resources for group General
21:59:08: All done
21:59:08: Parsing scripts for resource group Internal
21:59:08: Finished parsing scripts for resource group Internal
21:59:08: Creating resources for group Internal
21:59:08: All done
21:59:08: Parsing scripts for resource group rviz
21:59:08: Parsing script glsl120.program
21:59:08: Parsing script nogp.program
21:59:08: Parsing script glsl150.program
21:59:08: Parsing script indexed_8bit_image.material
21:59:08: Parsing script default_pick_and_depth.material
21:59:08: Parsing script point_cloud_tile.material
21:59:08: Parsing script point_cloud_point.material
21:59:08: Parsing script point_cloud_box.material
21:59:08: Parsing script point_cloud_flat_square.material
21:59:08: Parsing script point_cloud_sphere.material
21:59:08: Parsing script point_cloud_square.material
21:59:08: Parsing script arial.fontdef
21:59:08: Finished parsing scripts for resource group rviz
21:59:08: Creating resources for group rviz
21:59:08: All done
21:59:08: GLRenderSystem::_createRenderWindow "OgreWindow(1)", 100x30 windowed  miscParams: externalGLControl= macAPI=carbon parentWindowHandle=102760508 
21:59:08: GLXWindow::create used FBConfigID = 237
21:59:08: Mesh: Loading rviz_sphere.mesh.
21:59:09: Texture: SelectionRect0Texture: Loading 1 faces(PF_R8G8B8A8,1x1x1) with 0 generated mipmaps from Image. Internal format is PF_A8R8G8B8,1x1x1.
21:59:09: Mesh: Loading rviz_cylinder.mesh.
21:59:09: Mesh: Loading rviz_cone.mesh.
21:59:10: Texture: MapPaletteTexture0: Loading 1 faces(PF_A8B8G8R8,256x1x1) with 0 generated mipmaps from Image. Internal format is PF_A8R8G8B8,256x1x1.
21:59:10: Texture: MapPaletteTexture1: Loading 1 faces(PF_A8B8G8R8,256x1x1) with 0 generated mipmaps from Image. Internal format is PF_A8R8G8B8,256x1x1.
21:59:16: Font Arial using texture size 512x512
21:59:16: Info: Freetype returned null for character 160 in font Arial
21:59:16: Texture: ArialTexture: Loading 1 faces(PF_BYTE_LA,512x512x1) with 0 generated mipmaps from Image. Internal format is PF_BYTE_LA,512x512x1.
21:59:17: Texture: MapTexture0: Loading 1 faces(PF_L8,1024x1024x1) with 0 generated mipmaps from Image. Internal format is PF_L8,1024x1024x1.
21:59:17: Texture: MapTexture1: Loading 1 faces(PF_L8,1024x1024x1) with 0 generated mipmaps from Image. Internal format is PF_L8,1024x1024x1.
21:59:17: Texture: MapTexture2: Loading 1 faces(PF_L8,1024x1024x1) with 0 generated mipmaps from Image. Internal format is PF_L8,1024x1024x1.
21:59:17: Texture: MapTexture3: Loading 1 faces(PF_L8,1024x1024x1) with 0 generated mipmaps from Image. Internal format is PF_L8,1024x1024x1.
21:59:17: Texture: MapTexture4: Loading 1 faces(PF_L8,1024x1024x1) with 0 generated mipmaps from Image. Internal format is PF_L8,1024x1024x1.
21:59:17: GLSL compiling: rviz/glsl150/pass_pos_color.vert
21:59:17: GLSL compiled: 
21:59:17: GLSL compiling: rviz/glsl150/billboard.geom
21:59:17: GLSL compiled: 
21:59:17: GLSL compiling: rviz/glsl120/flat_color.frag
21:59:17: GLSL compiled: 
21:59:17: Vertex Program:rviz/glsl150/pass_pos_color.vert Fragment Program:rviz/glsl120/flat_color.frag Geometry Program:rviz/glsl150/billboard.geom GLSL link result : 
21:59:17: GLSL compiling: rviz/glsl120/indexed_8bit_image.vert
21:59:17: GLSL compiled: 
21:59:17: GLSL compiling: rviz/glsl120/indexed_8bit_image.frag
21:59:17: GLSL compiled: 
21:59:17: Vertex Program:rviz/glsl120/indexed_8bit_image.vert Fragment Program:rviz/glsl120/indexed_8bit_image.frag GLSL link result : 
21:59:17: GLSL compiling: rviz/glsl120/pickcolor.frag
21:59:17: GLSL compiled: 
21:59:17: Vertex Program:rviz/glsl150/pass_pos_color.vert Fragment Program:rviz/glsl120/pickcolor.frag Geometry Program:rviz/glsl150/billboard.geom GLSL link result : 
21:59:17: GLSL compiling: rviz/glsl120/black.frag
21:59:17: GLSL compiled: 
21:59:17:  Fragment Program:rviz/glsl120/black.frag GLSL link result : 
21:59:18: Texture: MapTexture5: Loading 1 faces(PF_L8,1024x1024x1) with 0 generated mipmaps from Image. Internal format is PF_L8,1024x1024x1.
21:59:20: Texture: MapTexture6: Loading 1 faces(PF_L8,1024x1024x1) with 0 generated mipmaps from Image. Internal format is PF_L8,1024x1024x1.
21:59:22: Texture: MapTexture7: Loading 1 faces(PF_L8,1024x1024x1) with 0 generated mipmaps from Image. Internal format is PF_L8,1024x1024x1.
21:59:24: Texture: MapTexture8: Loading 1 faces(PF_L8,1024x1024x1) with 0 generated mipmaps from Image. Internal format is PF_L8,1024x1024x1.
21:59:26: Texture: MapTexture9: Loading 1 faces(PF_L8,1024x1024x1) with 0 generated mipmaps from Image. Internal format is PF_L8,1024x1024x1.
21:59:27: Texture: MapTexture10: Loading 1 faces(PF_L8,1024x1024x1) with 0 generated mipmaps from Image. Internal format is PF_L8,1024x1024x1.
21:59:29: Texture: MapTexture11: Loading 1 faces(PF_L8,1024x1024x1) with 0 generated mipmaps from Image. Internal format is PF_L8,1024x1024x1.
21:59:31: Texture: MapTexture12: Loading 1 faces(PF_L8,1024x1024x1) with 0 generated mipmaps from Image. Internal format is PF_L8,1024x1024x1.
21:59:33: Texture: MapTexture13: Loading 1 faces(PF_L8,1024x1024x1) with 0 generated mipmaps from Image. Internal format is PF_L8,1024x1024x1.
21:59:35: Texture: MapTexture14: Loading 1 faces(PF_L8,1024x1024x1) with 0 generated mipmaps from Image. Internal format is PF_L8,1024x1024x1.
21:59:37: Texture: MapTexture15: Loading 1 faces(PF_L8,1024x1024x1) with 0 generated mipmaps from Image. Internal format is PF_L8,1024x1024x1.
21:59:38: Texture: MapTexture16: Loading 1 faces(PF_L8,1024x1024x1) with 0 generated mipmaps from Image. Internal format is PF_L8,1024x1024x1.
21:59:40: Texture: MapTexture17: Loading 1 faces(PF_L8,1024x1024x1) with 0 generated mipmaps from Image. Internal format is PF_L8,1024x1024x1.
21:59:42: Texture: MapTexture18: Loading 1 faces(PF_L8,1024x1024x1) with 0 generated mipmaps from Image. Internal format is PF_L8,1024x1024x1.
21:59:44: Texture: MapTexture19: Loading 1 faces(PF_L8,1024x1024x1) with 0 generated mipmaps from Image. Internal format is PF_L8,1024x1024x1.
21:59:45: Texture: MapTexture20: Loading 1 faces(PF_L8,1024x1024x1) with 0 generated mipmaps from Image. Internal format is PF_L8,1024x1024x1.
21:59:47: Texture: MapTexture21: Loading 1 faces(PF_L8,1024x1024x1) with 0 generated mipmaps from Image. Internal format is PF_L8,1024x1024x1.
21:59:49: Texture: MapTexture22: Loading 1 faces(PF_L8,1024x1024x1) with 0 generated mipmaps from Image. Internal format is PF_L8,1024x1024x1.
21:59:51: Texture: MapTexture23: Loading 1 faces(PF_L8,1024x1024x1) with 0 generated mipmaps from Image. Internal format is PF_L8,1024x1024x1.
21:59:53: Texture: MapTexture24: Loading 1 faces(PF_L8,1024x1024x1) with 0 generated mipmaps from Image. Internal format is PF_L8,1024x1024x1.
21:59:54: Texture: MapTexture25: Loading 1 faces(PF_L8,1024x1024x1) with 0 generated mipmaps from Image. Internal format is PF_L8,1024x1024x1.
21:59:56: Texture: MapTexture26: Loading 1 faces(PF_L8,1024x1024x1) with 0 generated mipmaps from Image. Internal format is PF_L8,1024x1024x1.
21:59:58: Texture: MapTexture27: Loading 1 faces(PF_L8,1024x1024x1) with 0 generated mipmaps from Image. Internal format is PF_L8,1024x1024x1.
22:00:00: Texture: MapTexture28: Loading 1 faces(PF_L8,1024x1024x1) with 0 generated mipmaps from Image. Internal format is PF_L8,1024x1024x1.
22:00:01:  Fragment Program:rviz/glsl120/pickcolor.frag GLSL link result : 
22:00:01: Texture: MapTexture29: Loading 1 faces(PF_L8,1024x1024x1) with 0 generated mipmaps from Image. Internal format is PF_L8,1024x1024x1.
22:00:03: Texture: MapTexture30: Loading 1 faces(PF_L8,1024x1024x1) with 0 generated mipmaps from Image. Internal format is PF_L8,1024x1024x1.
22:00:05: Texture: MapTexture31: Loading 1 faces(PF_L8,1024x1024x1) with 0 generated mipmaps from Image. Internal format is PF_L8,1024x1024x1.
22:00:06: Texture: MapTexture32: Loading 1 faces(PF_L8,1024x1024x1) with 0 generated mipmaps from Image. Internal format is PF_L8,1024x1024x1.
22:00:08: Texture: MapTexture33: Loading 1 faces(PF_L8,1024x1024x1) with 0 generated mipmaps from Image. Internal format is PF_L8,1024x1024x1.
22:00:10: Texture: MapTexture34: Loading 1 faces(PF_L8,1024x1024x1) with 0 generated mipmaps from Image. Internal format is PF_L8,1024x1024x1.
22:00:12: Texture: MapTexture35: Loading 1 faces(PF_L8,1024x1024x1) with 0 generated mipmaps from Image. Internal format is PF_L8,1024x1024x1.
22:00:13: Texture: MapTexture36: Loading 1 faces(PF_L8,1024x1024x1) with 0 generated mipmaps from Image. Internal format is PF_L8,1024x1024x1.
22:00:15: Texture: MapTexture37: Loading 1 faces(PF_L8,1024x1024x1) with 0 generated mipmaps from Image. Internal format is PF_L8,1024x1024x1.
22:00:17: Texture: MapTexture38: Loading 1 faces(PF_L8,1024x1024x1) with 0 generated mipmaps from Image. Internal format is PF_L8,1024x1024x1.
22:00:19: Texture: MapTexture39: Loading 1 faces(PF_L8,1024x1024x1) with 0 generated mipmaps from Image. Internal format is PF_L8,1024x1024x1.
22:00:21: Texture: MapTexture40: Loading 1 faces(PF_L8,1024x1024x1) with 0 generated mipmaps from Image. Internal format is PF_L8,1024x1024x1.
22:00:22: Texture: MapTexture41: Loading 1 faces(PF_L8,1024x1024x1) with 0 generated mipmaps from Image. Internal format is PF_L8,1024x1024x1.
22:00:24: Texture: MapTexture42: Loading 1 faces(PF_L8,1024x1024x1) with 0 generated mipmaps from Image. Internal format is PF_L8,1024x1024x1.
22:00:26: Texture: MapTexture43: Loading 1 faces(PF_L8,1024x1024x1) with 0 generated mipmaps from Image. Internal format is PF_L8,1024x1024x1.
22:00:28: Texture: MapTexture44: Loading 1 faces(PF_L8,1024x1024x1) with 0 generated mipmaps from Image. Internal format is PF_L8,1024x1024x1.
22:00:29: Texture: MapTexture45: Loading 1 faces(PF_L8,1024x1024x1) with 0 generated mipmaps from Image. Internal format is PF_L8,1024x1024x1.
22:00:31: Texture: MapTexture46: Loading 1 faces(PF_L8,1024x1024x1) with 0 generated mipmaps from Image. Internal format is PF_L8,1024x1024x1.
22:00:33: Texture: MapTexture47: Loading 1 faces(PF_L8,1024x1024x1) with 0 generated mipmaps from Image. Internal format is PF_L8,1024x1024x1.
22:00:35: Texture: MapTexture48: Loading 1 faces(PF_L8,1024x1024x1) with 0 generated mipmaps from Image. Internal format is PF_L8,1024x1024x1.
22:00:36: Texture: MapTexture49: Loading 1 faces(PF_L8,1024x1024x1) with 0 generated mipmaps from Image. Internal format is PF_L8,1024x1024x1.
22:00:38: Texture: MapTexture50: Loading 1 faces(PF_L8,1024x1024x1) with 0 generated mipmaps from Image. Internal format is PF_L8,1024x1024x1.
22:00:40: Texture: MapTexture51: Loading 1 faces(PF_L8,1024x1024x1) with 0 generated mipmaps from Image. Internal format is PF_L8,1024x1024x1.
22:00:42: Texture: MapTexture52: Loading 1 faces(PF_L8,1024x1024x1) with 0 generated mipmaps from Image. Internal format is PF_L8,1024x1024x1.
22:00:44: Texture: MapTexture53: Loading 1 faces(PF_L8,1024x1024x1) with 0 generated mipmaps from Image. Internal format is PF_L8,1024x1024x1.
22:00:46: Texture: MapTexture54: Loading 1 faces(PF_L8,1024x1024x1) with 0 generated mipmaps from Image. Internal format is PF_L8,1024x1024x1.
22:00:47: Texture: MapTexture55: Loading 1 faces(PF_L8,1024x1024x1) with 0 generated mipmaps from Image. Internal format is PF_L8,1024x1024x1.
22:00:49: Texture: MapTexture56: Loading 1 faces(PF_L8,1024x1024x1) with 0 generated mipmaps from Image. Internal format is PF_L8,1024x1024x1.
22:00:51: Texture: MapTexture57: Loading 1 faces(PF_L8,1024x1024x1) with 0 generated mipmaps from Image. Internal format is PF_L8,1024x1024x1.
22:00:53: Texture: MapTexture58: Loading 1 faces(PF_L8,1024x1024x1) with 0 generated mipmaps from Image. Internal format is PF_L8,1024x1024x1.
22:00:54: Texture: MapTexture59: Loading 1 faces(PF_L8,1024x1024x1) with 0 generated mipmaps from Image. Internal format is PF_L8,1024x1024x1.
22:00:56: Texture: MapTexture60: Loading 1 faces(PF_L8,1024x1024x1) with 0 generated mipmaps from Image. Internal format is PF_L8,1024x1024x1.
22:00:58: Texture: MapTexture61: Loading 1 faces(PF_L8,1024x1024x1) with 0 generated mipmaps from Image. Internal format is PF_L8,1024x1024x1.
22:01:00: Texture: MapTexture62: Loading 1 faces(PF_L8,1024x1024x1) with 0 generated mipmaps from Image. Internal format is PF_L8,1024x1024x1.
22:01:01: Texture: MapTexture63: Loading 1 faces(PF_L8,1024x1024x1) with 0 generated mipmaps from Image. Internal format is PF_L8,1024x1024x1.
